cl : Command line warning D9002: ignoring unknown option '-L/usr/local/lib/'
cl : Command line warning D9002: ignoring unknown option '-L/usr/local/lib/'
  GridDetector.cpp
cl : Command line warning D9002: ignoring unknown option '-L/usr/local/lib/'
cl : Command line warning D9002: ignoring unknown option '-L/usr/local/lib/'
  GridImage.cpp
  main.cpp
cl : Command line warning D9002: ignoring unknown option '-L/usr/local/lib/'
  ofApp.cpp
c:\users\thomas\documents\openframeworks_lib\openframeworks\libs\openframeworks\math\ofmatrix4x4.h(326): warning C4267: 'argument': conversion from 'size_t' to 'int', possible loss of data (compiling source file src\ofApp.cpp)
c:\users\thomas\documents\openframeworks_lib\openframeworks\libs\openframeworks\math\ofmatrix4x4.h(331): warning C4267: 'argument': conversion from 'size_t' to 'int', possible loss of data (compiling source file src\ofApp.cpp)
c:\users\thomas\documents\openframeworks_lib\openframeworks\libs\openframeworks\math\ofmatrix4x4.h(326): warning C4267: 'argument': conversion from 'size_t' to 'int', possible loss of data (compiling source file src\GridImage.cpp)
c:\users\thomas\documents\openframeworks_lib\openframeworks\libs\openframeworks\math\ofmatrix4x4.h(331): warning C4267: 'argument': conversion from 'size_t' to 'int', possible loss of data (compiling source file src\GridImage.cpp)
c:\users\thomas\documents\openframeworks_lib\openframeworks\libs\openframeworks\math\ofmatrix4x4.h(912): warning C4267: 'argument': conversion from 'size_t' to 'int', possible loss of data (compiling source file src\ofApp.cpp)
c:\users\thomas\documents\openframeworks_lib\openframeworks\libs\openframeworks\math\ofmatrix4x4.h(913): warning C4267: 'argument': conversion from 'size_t' to 'int', possible loss of data (compiling source file src\ofApp.cpp)
c:\users\thomas\documents\openframeworks_lib\openframeworks\libs\openframeworks\math\ofmatrix4x4.h(914): warning C4267: 'argument': conversion from 'size_t' to 'int', possible loss of data (compiling source file src\ofApp.cpp)
c:\users\thomas\documents\openframeworks_lib\openframeworks\libs\openframeworks\math\ofmatrix4x4.h(915): warning C4267: 'argument': conversion from 'size_t' to 'int', possible loss of data (compiling source file src\ofApp.cpp)
c:\users\thomas\documents\openframeworks_lib\openframeworks\libs\openframeworks\math\ofmatrix4x4.h(912): warning C4267: 'argument': conversion from 'size_t' to 'int', possible loss of data (compiling source file src\GridImage.cpp)
c:\users\thomas\documents\openframeworks_lib\openframeworks\libs\openframeworks\math\ofmatrix4x4.h(913): warning C4267: 'argument': conversion from 'size_t' to 'int', possible loss of data (compiling source file src\GridImage.cpp)
c:\users\thomas\documents\openframeworks_lib\openframeworks\libs\openframeworks\math\ofmatrix4x4.h(914): warning C4267: 'argument': conversion from 'size_t' to 'int', possible loss of data (compiling source file src\GridImage.cpp)
c:\users\thomas\documents\openframeworks_lib\openframeworks\libs\openframeworks\math\ofmatrix4x4.h(915): warning C4267: 'argument': conversion from 'size_t' to 'int', possible loss of data (compiling source file src\GridImage.cpp)
c:\users\thomas\documents\openframeworks_lib\openframeworks\libs\openframeworks\math\ofmatrix4x4.h(326): warning C4267: 'argument': conversion from 'size_t' to 'int', possible loss of data (compiling source file src\GridDetector.cpp)
c:\users\thomas\documents\openframeworks_lib\openframeworks\libs\openframeworks\math\ofmatrix4x4.h(331): warning C4267: 'argument': conversion from 'size_t' to 'int', possible loss of data (compiling source file src\GridDetector.cpp)
c:\users\thomas\documents\openframeworks_lib\openframeworks\libs\openframeworks\math\ofmatrix4x4.h(912): warning C4267: 'argument': conversion from 'size_t' to 'int', possible loss of data (compiling source file src\GridDetector.cpp)
c:\users\thomas\documents\openframeworks_lib\openframeworks\libs\openframeworks\math\ofmatrix4x4.h(913): warning C4267: 'argument': conversion from 'size_t' to 'int', possible loss of data (compiling source file src\GridDetector.cpp)
c:\users\thomas\documents\openframeworks_lib\openframeworks\libs\openframeworks\math\ofmatrix4x4.h(914): warning C4267: 'argument': conversion from 'size_t' to 'int', possible loss of data (compiling source file src\GridDetector.cpp)
c:\users\thomas\documents\openframeworks_lib\openframeworks\libs\openframeworks\math\ofmatrix4x4.h(915): warning C4267: 'argument': conversion from 'size_t' to 'int', possible loss of data (compiling source file src\GridDetector.cpp)
c:\users\thomas\documents\openframeworks_lib\openframeworks\libs\openframeworks\math\ofmatrix4x4.h(326): warning C4267: 'argument': conversion from 'size_t' to 'int', possible loss of data (compiling source file src\main.cpp)
c:\users\thomas\documents\openframeworks_lib\openframeworks\libs\openframeworks\math\ofmatrix4x4.h(331): warning C4267: 'argument': conversion from 'size_t' to 'int', possible loss of data (compiling source file src\main.cpp)
c:\users\thomas\documents\openframeworks_lib\openframeworks\libs\openframeworks\math\ofmatrix4x4.h(912): warning C4267: 'argument': conversion from 'size_t' to 'int', possible loss of data (compiling source file src\main.cpp)
c:\users\thomas\documents\openframeworks_lib\openframeworks\libs\openframeworks\math\ofmatrix4x4.h(913): warning C4267: 'argument': conversion from 'size_t' to 'int', possible loss of data (compiling source file src\main.cpp)
c:\users\thomas\documents\openframeworks_lib\openframeworks\libs\openframeworks\math\ofmatrix4x4.h(914): warning C4267: 'argument': conversion from 'size_t' to 'int', possible loss of data (compiling source file src\main.cpp)
c:\users\thomas\documents\openframeworks_lib\openframeworks\libs\openframeworks\math\ofmatrix4x4.h(915): warning C4267: 'argument': conversion from 'size_t' to 'int', possible loss of data (compiling source file src\main.cpp)
c:\users\thomas\documents\openframeworks_lib\openframeworks\addons\ofxdatgui\src\components\ofxdatguitextinputfield.h(173): warning C4267: 'argument': conversion from 'size_t' to 'int', possible loss of data (compiling source file src\GridImage.cpp)
c:\users\thomas\documents\openframeworks_lib\openframeworks\addons\ofxdatgui\src\components\ofxdatguitextinputfield.h(173): warning C4267: 'argument': conversion from 'size_t' to 'int', possible loss of data (compiling source file src\ofApp.cpp)
c:\users\thomas\documents\openframeworks_lib\openframeworks\addons\ofxdatgui\src\components\ofxdatguislider.h(140): warning C4267: 'initializing': conversion from 'size_t' to 'int', possible loss of data (compiling source file src\GridImage.cpp)
c:\users\thomas\documents\openframeworks_lib\openframeworks\addons\ofxdatgui\src\components\ofxdatguislider.h(141): warning C4267: '=': conversion from 'size_t' to 'int', possible loss of data (compiling source file src\GridImage.cpp)
c:\users\thomas\documents\openframeworks_lib\openframeworks\addons\ofxdatgui\src\components\ofxdatguislider.h(343): warning C4267: 'initializing': conversion from 'size_t' to 'int', possible loss of data (compiling source file src\GridImage.cpp)
c:\users\thomas\documents\openframeworks_lib\openframeworks\addons\ofxdatgui\src\components\ofxdatguislider.h(346): warning C4267: '=': conversion from 'size_t' to 'int', possible loss of data (compiling source file src\GridImage.cpp)
c:\users\thomas\documents\openframeworks_lib\openframeworks\addons\ofxdatgui\src\components\ofxdatguislider.h(140): warning C4267: 'initializing': conversion from 'size_t' to 'int', possible loss of data (compiling source file src\ofApp.cpp)
c:\users\thomas\documents\openframeworks_lib\openframeworks\addons\ofxdatgui\src\components\ofxdatguislider.h(141): warning C4267: '=': conversion from 'size_t' to 'int', possible loss of data (compiling source file src\ofApp.cpp)
c:\users\thomas\documents\openframeworks_lib\openframeworks\addons\ofxdatgui\src\components\ofxdatguislider.h(343): warning C4267: 'initializing': conversion from 'size_t' to 'int', possible loss of data (compiling source file src\ofApp.cpp)
c:\users\thomas\documents\openframeworks_lib\openframeworks\addons\ofxdatgui\src\components\ofxdatguislider.h(346): warning C4267: '=': conversion from 'size_t' to 'int', possible loss of data (compiling source file src\ofApp.cpp)
c:\users\thomas\documents\openframeworks_lib\openframeworks\addons\ofxdatgui\src\components\ofxdatguiscrollview.h(160): warning C4267: 'return': conversion from 'size_t' to 'int', possible loss of data (compiling source file src\GridImage.cpp)
c:\users\thomas\documents\openframeworks_lib\openframeworks\addons\ofxdatgui\src\components\ofxdatguiscrollview.h(160): warning C4267: 'return': conversion from 'size_t' to 'int', possible loss of data (compiling source file src\ofApp.cpp)
c:\users\thomas\documents\openframeworks_lib\openframeworks\addons\ofxdatgui\src\components\ofxdatguigroups.h(390): warning C4267: 'argument': conversion from 'size_t' to 'int', possible loss of data (compiling source file src\GridImage.cpp)
c:\users\thomas\documents\openframeworks_lib\openframeworks\addons\ofxdatgui\src\components\ofxdatguigroups.h(449): warning C4267: 'argument': conversion from 'size_t' to 'int', possible loss of data (compiling source file src\GridImage.cpp)
c:\users\thomas\documents\openframeworks_lib\openframeworks\addons\ofxdatgui\src\components\ofxdatguigroups.h(485): warning C4267: 'return': conversion from 'size_t' to 'int', possible loss of data (compiling source file src\GridImage.cpp)
c:\users\thomas\documents\openframeworks_lib\openframeworks\addons\ofxdatgui\src\components\ofxdatguitextinputfield.h(173): warning C4267: 'argument': conversion from 'size_t' to 'int', possible loss of data (compiling source file src\main.cpp)
c:\users\thomas\documents\openframeworks_lib\openframeworks\addons\ofxdatgui\src\components\ofxdatguigroups.h(390): warning C4267: 'argument': conversion from 'size_t' to 'int', possible loss of data (compiling source file src\ofApp.cpp)
c:\users\thomas\documents\openframeworks_lib\openframeworks\addons\ofxdatgui\src\components\ofxdatguigroups.h(449): warning C4267: 'argument': conversion from 'size_t' to 'int', possible loss of data (compiling source file src\ofApp.cpp)
c:\users\thomas\documents\openframeworks_lib\openframeworks\apps\livinglinedetector\app\livinglinedetector\src\gridimage.cpp(43): warning C4996: 'ofVideoGrabber::initGrabber': Use setup instead
  c:\users\thomas\documents\openframeworks_lib\openframeworks\libs\openframeworks\video\ofvideograbber.h(62): note: see declaration of 'ofVideoGrabber::initGrabber'
c:\users\thomas\documents\openframeworks_lib\openframeworks\addons\ofxdatgui\src\components\ofxdatguigroups.h(485): warning C4267: 'return': conversion from 'size_t' to 'int', possible loss of data (compiling source file src\ofApp.cpp)
c:\users\thomas\documents\openframeworks_lib\openframeworks\apps\livinglinedetector\app\livinglinedetector\src\gridimage.cpp(67): warning C4996: 'ofVideoGrabber::initGrabber': Use setup instead
  c:\users\thomas\documents\openframeworks_lib\openframeworks\libs\openframeworks\video\ofvideograbber.h(62): note: see declaration of 'ofVideoGrabber::initGrabber'
c:\users\thomas\documents\openframeworks_lib\openframeworks\addons\ofxdatgui\src\components\ofxdatguislider.h(140): warning C4267: 'initializing': conversion from 'size_t' to 'int', possible loss of data (compiling source file src\main.cpp)
c:\users\thomas\documents\openframeworks_lib\openframeworks\addons\ofxdatgui\src\components\ofxdatguislider.h(141): warning C4267: '=': conversion from 'size_t' to 'int', possible loss of data (compiling source file src\main.cpp)
c:\users\thomas\documents\openframeworks_lib\openframeworks\addons\ofxdatgui\src\components\ofxdatguitextinputfield.h(173): warning C4267: 'argument': conversion from 'size_t' to 'int', possible loss of data (compiling source file src\GridDetector.cpp)
c:\users\thomas\documents\openframeworks_lib\openframeworks\addons\ofxdatgui\src\components\ofxdatguislider.h(343): warning C4267: 'initializing': conversion from 'size_t' to 'int', possible loss of data (compiling source file src\main.cpp)
c:\users\thomas\documents\openframeworks_lib\openframeworks\addons\ofxdatgui\src\components\ofxdatguislider.h(346): warning C4267: '=': conversion from 'size_t' to 'int', possible loss of data (compiling source file src\main.cpp)
c:\users\thomas\documents\openframeworks_lib\openframeworks\addons\ofxdatgui\src\components\ofxdatguislider.h(140): warning C4267: 'initializing': conversion from 'size_t' to 'int', possible loss of data (compiling source file src\GridDetector.cpp)
c:\users\thomas\documents\openframeworks_lib\openframeworks\addons\ofxdatgui\src\components\ofxdatguislider.h(141): warning C4267: '=': conversion from 'size_t' to 'int', possible loss of data (compiling source file src\GridDetector.cpp)
c:\users\thomas\documents\openframeworks_lib\openframeworks\addons\ofxdatgui\src\components\ofxdatguislider.h(343): warning C4267: 'initializing': conversion from 'size_t' to 'int', possible loss of data (compiling source file src\GridDetector.cpp)
c:\users\thomas\documents\openframeworks_lib\openframeworks\addons\ofxdatgui\src\components\ofxdatguislider.h(346): warning C4267: '=': conversion from 'size_t' to 'int', possible loss of data (compiling source file src\GridDetector.cpp)
c:\users\thomas\documents\openframeworks_lib\openframeworks\addons\ofxdatgui\src\components\ofxdatguiscrollview.h(160): warning C4267: 'return': conversion from 'size_t' to 'int', possible loss of data (compiling source file src\main.cpp)
c:\users\thomas\documents\openframeworks_lib\openframeworks\addons\ofxdatgui\src\components\ofxdatguiscrollview.h(160): warning C4267: 'return': conversion from 'size_t' to 'int', possible loss of data (compiling source file src\GridDetector.cpp)
c:\users\thomas\documents\openframeworks_lib\openframeworks\addons\ofxdatgui\src\components\ofxdatguigroups.h(390): warning C4267: 'argument': conversion from 'size_t' to 'int', possible loss of data (compiling source file src\main.cpp)
c:\users\thomas\documents\openframeworks_lib\openframeworks\addons\ofxdatgui\src\components\ofxdatguigroups.h(449): warning C4267: 'argument': conversion from 'size_t' to 'int', possible loss of data (compiling source file src\main.cpp)
c:\users\thomas\documents\openframeworks_lib\openframeworks\addons\ofxdatgui\src\components\ofxdatguigroups.h(485): warning C4267: 'return': conversion from 'size_t' to 'int', possible loss of data (compiling source file src\main.cpp)
c:\users\thomas\documents\openframeworks_lib\openframeworks\addons\ofxdatgui\src\components\ofxdatguigroups.h(390): warning C4267: 'argument': conversion from 'size_t' to 'int', possible loss of data (compiling source file src\GridDetector.cpp)
c:\users\thomas\documents\openframeworks_lib\openframeworks\addons\ofxdatgui\src\components\ofxdatguigroups.h(449): warning C4267: 'argument': conversion from 'size_t' to 'int', possible loss of data (compiling source file src\GridDetector.cpp)
c:\users\thomas\documents\openframeworks_lib\openframeworks\addons\ofxdatgui\src\components\ofxdatguigroups.h(485): warning C4267: 'return': conversion from 'size_t' to 'int', possible loss of data (compiling source file src\GridDetector.cpp)
c:\users\thomas\documents\openframeworks_lib\openframeworks\apps\livinglinedetector\app\livinglinedetector\src\setup.h(95): warning C4267: 'argument': conversion from 'size_t' to 'const int', possible loss of data (compiling source file src\ofApp.cpp)
c:\users\thomas\documents\openframeworks_lib\openframeworks\apps\livinglinedetector\app\livinglinedetector\src\griddetector.cpp(146): warning C4267: '=': conversion from 'size_t' to 'int', possible loss of data
c:\users\thomas\documents\openframeworks_lib\openframeworks\apps\livinglinedetector\app\livinglinedetector\src\ofapp.cpp(40): warning C4267: 'argument': conversion from 'size_t' to 'const int', possible loss of data
c:\users\thomas\documents\openframeworks_lib\openframeworks\apps\livinglinedetector\app\livinglinedetector\src\ofapp.cpp(94): warning C4267: 'argument': conversion from 'size_t' to 'const int', possible loss of data
c:\users\thomas\documents\openframeworks_lib\openframeworks\apps\livinglinedetector\app\livinglinedetector\src\ofapp.cpp(235): warning C4996: 'ofRect': Use ofDrawRectangle instead
  c:\users\thomas\documents\openframeworks_lib\openframeworks\libs\openframeworks\graphics\ofgraphics.h(512): note: see declaration of 'ofRect'
c:\users\thomas\documents\openframeworks_lib\openframeworks\apps\livinglinedetector\app\livinglinedetector\src\ofapp.cpp(574): warning C4267: 'argument': conversion from 'size_t' to 'const int', possible loss of data
c:\users\thomas\documents\openframeworks_lib\openframeworks\addons\ofxcv\libs\ofxcv\include\ofxcv\tracker.h(166): warning C4267: 'initializing': conversion from 'size_t' to 'int', possible loss of data (compiling source file src\GridImage.cpp)
  c:\users\thomas\documents\openframeworks_lib\openframeworks\addons\ofxcv\libs\ofxcv\include\ofxcv\tracker.h(164): note: while compiling class template member function 'const std::vector<GLuint,std::allocator<_Ty>> &ofxCv::Tracker<cv::Rect>::track(const std::vector<cv::Rect,std::allocator<cv::Rect_<int>>> &)'
          with
          [
              _Ty=GLuint
          ] (compiling source file src\GridImage.cpp)
  c:\users\thomas\documents\openframeworks_lib\openframeworks\addons\ofxcv\libs\ofxcv\include\ofxcv\tracker.h(322): note: see reference to function template instantiation 'const std::vector<GLuint,std::allocator<_Ty>> &ofxCv::Tracker<cv::Rect>::track(const std::vector<cv::Rect,std::allocator<cv::Rect_<int>>> &)' being compiled
          with
          [
              _Ty=GLuint
          ] (compiling source file src\GridImage.cpp)
  c:\users\thomas\documents\openframeworks_lib\openframeworks\addons\ofxcv\libs\ofxcv\include\ofxcv\tracker.h(307): note: see reference to class template instantiation 'ofxCv::Tracker<cv::Rect>' being compiled (compiling source file src\GridImage.cpp)
c:\users\thomas\documents\openframeworks_lib\openframeworks\addons\ofxcv\libs\ofxcv\include\ofxcv\tracker.h(167): warning C4267: 'initializing': conversion from 'size_t' to 'int', possible loss of data (compiling source file src\GridImage.cpp)
c:\users\thomas\documents\openframeworks_lib\openframeworks\addons\ofxcv\libs\ofxcv\include\ofxcv\tracker.h(200): warning C4267: 'initializing': conversion from 'size_t' to 'int', possible loss of data (compiling source file src\GridImage.cpp)
c:\users\thomas\documents\openframeworks_lib\openframeworks\addons\ofxcv\libs\ofxcv\include\ofxcv\tracker.h(212): warning C4267: 'initializing': conversion from 'size_t' to 'int', possible loss of data (compiling source file src\GridImage.cpp)
c:\users\thomas\documents\openframeworks_lib\openframeworks\addons\ofxcv\libs\ofxcv\include\ofxcv\tracker.h(166): warning C4267: 'initializing': conversion from 'size_t' to 'int', possible loss of data (compiling source file src\main.cpp)
  c:\users\thomas\documents\openframeworks_lib\openframeworks\addons\ofxcv\libs\ofxcv\include\ofxcv\tracker.h(164): note: while compiling class template member function 'const std::vector<GLuint,std::allocator<_Ty>> &ofxCv::Tracker<cv::Rect>::track(const std::vector<cv::Rect,std::allocator<cv::Rect_<int>>> &)'
          with
          [
              _Ty=GLuint
          ] (compiling source file src\main.cpp)
  c:\users\thomas\documents\openframeworks_lib\openframeworks\addons\ofxcv\libs\ofxcv\include\ofxcv\tracker.h(322): note: see reference to function template instantiation 'const std::vector<GLuint,std::allocator<_Ty>> &ofxCv::Tracker<cv::Rect>::track(const std::vector<cv::Rect,std::allocator<cv::Rect_<int>>> &)' being compiled
          with
          [
              _Ty=GLuint
          ] (compiling source file src\main.cpp)
  c:\users\thomas\documents\openframeworks_lib\openframeworks\addons\ofxcv\libs\ofxcv\include\ofxcv\tracker.h(307): note: see reference to class template instantiation 'ofxCv::Tracker<cv::Rect>' being compiled (compiling source file src\main.cpp)
c:\users\thomas\documents\openframeworks_lib\openframeworks\addons\ofxcv\libs\ofxcv\include\ofxcv\tracker.h(167): warning C4267: 'initializing': conversion from 'size_t' to 'int', possible loss of data (compiling source file src\main.cpp)
c:\users\thomas\documents\openframeworks_lib\openframeworks\addons\ofxcv\libs\ofxcv\include\ofxcv\tracker.h(200): warning C4267: 'initializing': conversion from 'size_t' to 'int', possible loss of data (compiling source file src\main.cpp)
c:\users\thomas\documents\openframeworks_lib\openframeworks\addons\ofxcv\libs\ofxcv\include\ofxcv\tracker.h(212): warning C4267: 'initializing': conversion from 'size_t' to 'int', possible loss of data (compiling source file src\main.cpp)
c:\users\thomas\documents\openframeworks_lib\openframeworks\addons\ofxcv\libs\ofxcv\include\ofxcv\tracker.h(166): warning C4267: 'initializing': conversion from 'size_t' to 'int', possible loss of data (compiling source file src\GridDetector.cpp)
  c:\users\thomas\documents\openframeworks_lib\openframeworks\addons\ofxcv\libs\ofxcv\include\ofxcv\tracker.h(164): note: while compiling class template member function 'const std::vector<GLuint,std::allocator<_Ty>> &ofxCv::Tracker<cv::Rect>::track(const std::vector<cv::Rect,std::allocator<cv::Rect_<int>>> &)'
          with
          [
              _Ty=GLuint
          ] (compiling source file src\GridDetector.cpp)
  c:\users\thomas\documents\openframeworks_lib\openframeworks\addons\ofxcv\libs\ofxcv\include\ofxcv\tracker.h(322): note: see reference to function template instantiation 'const std::vector<GLuint,std::allocator<_Ty>> &ofxCv::Tracker<cv::Rect>::track(const std::vector<cv::Rect,std::allocator<cv::Rect_<int>>> &)' being compiled
          with
          [
              _Ty=GLuint
          ] (compiling source file src\GridDetector.cpp)
  c:\users\thomas\documents\openframeworks_lib\openframeworks\addons\ofxcv\libs\ofxcv\include\ofxcv\tracker.h(307): note: see reference to class template instantiation 'ofxCv::Tracker<cv::Rect>' being compiled (compiling source file src\GridDetector.cpp)
c:\users\thomas\documents\openframeworks_lib\openframeworks\addons\ofxcv\libs\ofxcv\include\ofxcv\tracker.h(167): warning C4267: 'initializing': conversion from 'size_t' to 'int', possible loss of data (compiling source file src\GridDetector.cpp)
c:\users\thomas\documents\openframeworks_lib\openframeworks\addons\ofxcv\libs\ofxcv\include\ofxcv\tracker.h(200): warning C4267: 'initializing': conversion from 'size_t' to 'int', possible loss of data (compiling source file src\GridDetector.cpp)
c:\users\thomas\documents\openframeworks_lib\openframeworks\addons\ofxcv\libs\ofxcv\include\ofxcv\tracker.h(212): warning C4267: 'initializing': conversion from 'size_t' to 'int', possible loss of data (compiling source file src\GridDetector.cpp)
c:\users\thomas\documents\openframeworks_lib\openframeworks\addons\ofxcv\libs\ofxcv\include\ofxcv\tracker.h(166): warning C4267: 'initializing': conversion from 'size_t' to 'int', possible loss of data (compiling source file src\ofApp.cpp)
  c:\users\thomas\documents\openframeworks_lib\openframeworks\addons\ofxcv\libs\ofxcv\include\ofxcv\tracker.h(164): note: while compiling class template member function 'const std::vector<GLuint,std::allocator<_Ty>> &ofxCv::Tracker<cv::Rect>::track(const std::vector<cv::Rect,std::allocator<cv::Rect_<int>>> &)'
          with
          [
              _Ty=GLuint
          ] (compiling source file src\ofApp.cpp)
  c:\users\thomas\documents\openframeworks_lib\openframeworks\addons\ofxcv\libs\ofxcv\include\ofxcv\tracker.h(322): note: see reference to function template instantiation 'const std::vector<GLuint,std::allocator<_Ty>> &ofxCv::Tracker<cv::Rect>::track(const std::vector<cv::Rect,std::allocator<cv::Rect_<int>>> &)' being compiled
          with
          [
              _Ty=GLuint
          ] (compiling source file src\ofApp.cpp)
  c:\users\thomas\documents\openframeworks_lib\openframeworks\addons\ofxcv\libs\ofxcv\include\ofxcv\tracker.h(307): note: see reference to class template instantiation 'ofxCv::Tracker<cv::Rect>' being compiled (compiling source file src\ofApp.cpp)
c:\users\thomas\documents\openframeworks_lib\openframeworks\addons\ofxcv\libs\ofxcv\include\ofxcv\tracker.h(167): warning C4267: 'initializing': conversion from 'size_t' to 'int', possible loss of data (compiling source file src\ofApp.cpp)
c:\users\thomas\documents\openframeworks_lib\openframeworks\addons\ofxcv\libs\ofxcv\include\ofxcv\tracker.h(200): warning C4267: 'initializing': conversion from 'size_t' to 'int', possible loss of data (compiling source file src\ofApp.cpp)
c:\users\thomas\documents\openframeworks_lib\openframeworks\addons\ofxcv\libs\ofxcv\include\ofxcv\tracker.h(212): warning C4267: 'initializing': conversion from 'size_t' to 'int', possible loss of data (compiling source file src\ofApp.cpp)
c:\users\thomas\documents\openframeworks_lib\openframeworks\addons\ofxcv\libs\ofxcv\include\ofxcv\utilities.h(244): warning C4267: 'argument': conversion from 'size_t' to 'int', possible loss of data (compiling source file src\ofApp.cpp)
  c:\users\thomas\documents\openframeworks_lib\openframeworks\apps\livinglinedetector\app\livinglinedetector\src\ofapp.cpp(133): note: see reference to function template instantiation 'cv::Mat ofxCv::toCv<unsigned char>(ofPixels_<unsigned char> &)' being compiled
c:\users\thomas\documents\openframeworks_lib\openframeworks\addons\ofxcv\libs\ofxcv\include\ofxcv\utilities.h(129): warning C4267: 'return': conversion from 'size_t' to 'int', possible loss of data (compiling source file src\ofApp.cpp)
  c:\users\thomas\documents\openframeworks_lib\openframeworks\addons\ofxcv\libs\ofxcv\include\ofxcv\utilities.h(143): note: see reference to function template instantiation 'int ofxCv::getChannels<unsigned char>(const ofPixels_<unsigned char> &)' being compiled (compiling source file src\ofApp.cpp)
  c:\users\thomas\documents\openframeworks_lib\openframeworks\addons\ofxcv\libs\ofxcv\include\ofxcv\utilities.h(244): note: see reference to function template instantiation 'int ofxCv::getCvImageType<ofPixels_<unsigned char>>(const T &)' being compiled
          with
          [
              T=ofPixels_<unsigned char>
          ] (compiling source file src\ofApp.cpp)
  c:\users\thomas\documents\openframeworks_lib\openframeworks\apps\livinglinedetector\app\livinglinedetector\src\ofapp.cpp(133): note: see reference to function template instantiation 'cv::Mat ofxCv::toCv<unsigned char>(ofPixels_<unsigned char> &)' being compiled
     Creating library bin\LivingLineDetector_debug.lib and object bin\LivingLineDetector_debug.exp
QRDetector.obj : error LNK2019: unresolved external symbol "void __cdecl cv::aruco::detectMarkers(class cv::_InputArray const &,struct cv::Ptr<class cv::aruco::Dictionary> const &,class cv::_OutputArray const &,class cv::_OutputArray const &,struct cv::Ptr<struct cv::aruco::DetectorParameters> const &,class cv::_OutputArray const &,class cv::_InputArray const &,class cv::_InputArray const &)" (?detectMarkers@aruco@cv@@YAXAEBV_InputArray@2@AEBU?$Ptr@VDictionary@aruco@cv@@@2@AEBV_OutputArray@2@2AEBU?$Ptr@UDetectorParameters@aruco@cv@@@2@200@Z) referenced in function "public: void __cdecl QRDetector::detectMarkers(class cv::Mat &,bool)" (?detectMarkers@QRDetector@@QEAAXAEAVMat@cv@@_N@Z)
QRDetector.obj : error LNK2019: unresolved external symbol "void __cdecl cv::aruco::refineDetectedMarkers(class cv::_InputArray const &,struct cv::Ptr<class cv::aruco::Board> const &,class cv::_InputOutputArray const &,class cv::_InputOutputArray const &,class cv::_InputOutputArray const &,class cv::_InputArray const &,class cv::_InputArray const &,float,float,bool,class cv::_OutputArray const &,struct cv::Ptr<struct cv::aruco::DetectorParameters> const &)" (?refineDetectedMarkers@aruco@cv@@YAXAEBV_InputArray@2@AEBU?$Ptr@VBoard@aruco@cv@@@2@AEBV_InputOutputArray@2@2200MM_NAEBV_OutputArray@2@AEBU?$Ptr@UDetectorParameters@aruco@cv@@@2@@Z) referenced in function "public: void __cdecl QRDetector::detectMarkers(class cv::Mat &,bool)" (?detectMarkers@QRDetector@@QEAAXAEAVMat@cv@@_N@Z)
QRDetector.obj : error LNK2019: unresolved external symbol "void __cdecl cv::aruco::drawDetectedMarkers(class cv::_InputOutputArray const &,class cv::_InputArray const &,class cv::_InputArray const &,class cv::Scalar_<double>)" (?drawDetectedMarkers@aruco@cv@@YAXAEBV_InputOutputArray@2@AEBV_InputArray@2@1V?$Scalar_@N@2@@Z) referenced in function "public: void __cdecl QRDetector::detectMarkers(class cv::Mat &,bool)" (?detectMarkers@QRDetector@@QEAAXAEAVMat@cv@@_N@Z)
bin\LivingLineDetector_debug.exe : fatal error LNK1120: 3 unresolved externals
