cl : Command line warning D9002: ignoring unknown option '-L/usr/local/lib/'
cl : Command line warning D9002: ignoring unknown option '-L/usr/local/lib/'
  main.cpp
cl : Command line warning D9002: ignoring unknown option '-L/usr/local/lib/'
cl : Command line warning D9002: ignoring unknown option '-L/usr/local/lib/'
  ofApp.cpp
cl : Command line warning D9002: ignoring unknown option '-L/usr/local/lib/'
  detector_params.yml
cl : Command line warning D9002: ignoring unknown option '-L/usr/local/lib/'
cl : Command line warning D9002: ignoring unknown option '-L/usr/local/lib/'
  GridDetector.cpp
cl : Command line warning D9002: ignoring unknown option '-L/usr/local/lib/'
  GridImage.cpp
  KnobAruco.cpp
  MarkerAruco.cpp
cl : Command line warning D9002: ignoring unknown option '-L/usr/local/lib/'
  QRDetector.cpp
c:\users\thomas\documents\openframeworks_lib\openframeworks\apps\lllmarker\apps\livinglinedetector\src\detector_params.yml(1): error C3193: '%': requires '/clr' or '/ZW' command line option
c:\users\thomas\documents\openframeworks_lib\openframeworks\apps\lllmarker\apps\livinglinedetector\src\detector_params.yml(1): error C4430: missing type specifier - int assumed. Note: C++ does not support default-int
c:\users\thomas\documents\openframeworks_lib\openframeworks\apps\lllmarker\apps\livinglinedetector\src\detector_params.yml(1): error C2530: 'YAML': references must be initialized
c:\users\thomas\documents\openframeworks_lib\openframeworks\apps\lllmarker\apps\livinglinedetector\src\detector_params.yml(1): error C2059: syntax error: ':'
c:\users\thomas\documents\openframeworks_lib\openframeworks\apps\lllmarker\apps\livinglinedetector\src\detector_params.yml(1): error C2059: syntax error: 'constant'
c:\users\thomas\documents\openframeworks_lib\openframeworks\apps\lllmarker\apps\livinglinedetector\src\detector_params.yml(2): error C2059: syntax error: 'constant'
c:\users\thomas\documents\openframeworks_lib\openframeworks\apps\lllmarker\apps\livinglinedetector\src\detector_params.yml(3): error C2059: syntax error: 'constant'
c:\users\thomas\documents\openframeworks_lib\openframeworks\apps\lllmarker\apps\livinglinedetector\src\detector_params.yml(4): error C2059: syntax error: 'constant'
c:\users\thomas\documents\openframeworks_lib\openframeworks\apps\lllmarker\apps\livinglinedetector\src\detector_params.yml(5): error C2059: syntax error: 'constant'
c:\users\thomas\documents\openframeworks_lib\openframeworks\apps\lllmarker\apps\livinglinedetector\src\detector_params.yml(6): error C2059: syntax error: 'constant'
c:\users\thomas\documents\openframeworks_lib\openframeworks\apps\lllmarker\apps\livinglinedetector\src\detector_params.yml(7): error C2059: syntax error: 'constant'
c:\users\thomas\documents\openframeworks_lib\openframeworks\apps\lllmarker\apps\livinglinedetector\src\detector_params.yml(8): error C2059: syntax error: 'constant'
c:\users\thomas\documents\openframeworks_lib\openframeworks\apps\lllmarker\apps\livinglinedetector\src\detector_params.yml(9): error C2059: syntax error: 'constant'
c:\users\thomas\documents\openframeworks_lib\openframeworks\apps\lllmarker\apps\livinglinedetector\src\detector_params.yml(10): error C2059: syntax error: 'constant'
c:\users\thomas\documents\openframeworks_lib\openframeworks\apps\lllmarker\apps\livinglinedetector\src\detector_params.yml(11): error C2059: syntax error: 'constant'
c:\users\thomas\documents\openframeworks_lib\openframeworks\apps\lllmarker\apps\livinglinedetector\src\detector_params.yml(12): error C2059: syntax error: 'constant'
c:\users\thomas\documents\openframeworks_lib\openframeworks\apps\lllmarker\apps\livinglinedetector\src\detector_params.yml(13): error C2059: syntax error: 'constant'
c:\users\thomas\documents\openframeworks_lib\openframeworks\apps\lllmarker\apps\livinglinedetector\src\detector_params.yml(14): error C2059: syntax error: 'constant'
c:\users\thomas\documents\openframeworks_lib\openframeworks\apps\lllmarker\apps\livinglinedetector\src\detector_params.yml(15): error C2059: syntax error: 'constant'
c:\users\thomas\documents\openframeworks_lib\openframeworks\apps\lllmarker\apps\livinglinedetector\src\detector_params.yml(16): error C2059: syntax error: 'constant'
c:\users\thomas\documents\openframeworks_lib\openframeworks\apps\lllmarker\apps\livinglinedetector\src\detector_params.yml(17): error C2059: syntax error: 'constant'
c:\users\thomas\documents\openframeworks_lib\openframeworks\apps\lllmarker\apps\livinglinedetector\src\detector_params.yml(18): error C2059: syntax error: 'constant'
c:\users\thomas\documents\openframeworks_lib\openframeworks\apps\lllmarker\apps\livinglinedetector\src\detector_params.yml(19): error C2059: syntax error: 'constant'
c:\users\thomas\documents\openframeworks_lib\openframeworks\apps\lllmarker\apps\livinglinedetector\src\detector_params.yml(20): error C2059: syntax error: 'constant'
c:\users\thomas\documents\openframeworks_lib\openframeworks\apps\lllmarker\apps\livinglinedetector\src\detector_params.yml(21): error C2059: syntax error: 'constant'
c:\users\thomas\documents\openframeworks_lib\openframeworks\apps\lllmarker\apps\livinglinedetector\src\detector_params.yml(22): error C2059: syntax error: 'constant'
c:\users\thomas\documents\openframeworks_lib\openframeworks\apps\lllmarker\apps\livinglinedetector\src\detector_params.yml(23): error C2059: syntax error: 'constant'
c:\users\thomas\documents\openframeworks_lib\openframeworks\apps\lllmarker\apps\livinglinedetector\src\detector_params.yml(24): error C2059: syntax error: 'constant'
  RectDetector.cpp
c:\users\thomas\documents\openframeworks_lib\openframeworks\apps\lllmarker\apps\livinglinedetector\src\qrdetector.h(13): fatal error C1083: Cannot open include file: 'opencv2/aruco.hpp': No such file or directory (compiling source file src\QRDetector.cpp)
  ETF.cpp
c:\users\thomas\documents\openframeworks_lib\openframeworks\apps\lllmarker\apps\livinglinedetector\src\ofapp.h(20): fatal error C1083: Cannot open include file: 'opencv2/aruco.hpp': No such file or directory (compiling source file src\ofApp.cpp)
c:\users\thomas\documents\openframeworks_lib\openframeworks\apps\lllmarker\apps\livinglinedetector\src\ofapp.h(20): fatal error C1083: Cannot open include file: 'opencv2/aruco.hpp': No such file or directory (compiling source file src\main.cpp)
  fdog.cpp
  Calibration.cpp
c:\users\thomas\documents\openframeworks_lib\openframeworks\addons\ofxcv\libs\ofxcv\include\ofxcv\tracker.h(324): warning C4018: '<': signed/unsigned mismatch (compiling source file src\GridImage.cpp)
c:\users\thomas\documents\openframeworks_lib\openframeworks\addons\ofxcv\libs\ofxcv\include\ofxcv\tracker.h(324): warning C4018: '<': signed/unsigned mismatch (compiling source file src\GridDetector.cpp)
c:\users\thomas\documents\openframeworks_lib\openframeworks\apps\lllmarker\apps\livinglinedetector\src\qrdetector.h(13): fatal error C1083: Cannot open include file: 'opencv2/aruco.hpp': No such file or directory (compiling source file src\GridDetector.cpp)
  ContourFinder.cpp
c:\users\thomas\documents\openframeworks_lib\openframeworks\addons\ofxdatgui\src\components\ofxdatguislider.h(348): warning C4018: '<': signed/unsigned mismatch (compiling source file src\GridImage.cpp)
c:\users\thomas\documents\openframeworks_lib\openframeworks\addons\ofxdatgui\src\components\ofxdatguimatrix.h(179): warning C4018: '<': signed/unsigned mismatch (compiling source file src\GridImage.cpp)
c:\users\thomas\documents\openframeworks_lib\openframeworks\addons\ofxdatgui\src\components\ofxdatguimatrix.h(203): warning C4018: '<': signed/unsigned mismatch (compiling source file src\GridImage.cpp)
c:\users\thomas\documents\openframeworks_lib\openframeworks\addons\ofxdatgui\src\components\ofxdatguimatrix.h(206): warning C4018: '<': signed/unsigned mismatch (compiling source file src\GridImage.cpp)
c:\users\thomas\documents\openframeworks_lib\openframeworks\addons\ofxdatgui\src\components\ofxdatguimatrix.h(218): warning C4018: '<': signed/unsigned mismatch (compiling source file src\GridImage.cpp)
c:\users\thomas\documents\openframeworks_lib\openframeworks\addons\ofxdatgui\src\components\ofxdatguimatrix.h(224): warning C4018: '<': signed/unsigned mismatch (compiling source file src\GridImage.cpp)
c:\users\thomas\documents\openframeworks_lib\openframeworks\addons\ofxdatgui\src\components\ofxdatguimatrix.h(230): warning C4018: '<': signed/unsigned mismatch (compiling source file src\GridImage.cpp)
c:\users\thomas\documents\openframeworks_lib\openframeworks\addons\ofxdatgui\src\components\ofxdatguimatrix.h(236): warning C4018: '<': signed/unsigned mismatch (compiling source file src\GridImage.cpp)
c:\users\thomas\documents\openframeworks_lib\openframeworks\addons\ofxdatgui\src\components\ofxdatguimatrix.h(253): warning C4018: '<': signed/unsigned mismatch (compiling source file src\GridImage.cpp)
c:\users\thomas\documents\openframeworks_lib\openframeworks\addons\ofxdatgui\src\components\ofxdatguimatrix.h(260): warning C4018: '<': signed/unsigned mismatch (compiling source file src\GridImage.cpp)
c:\users\thomas\documents\openframeworks_lib\openframeworks\addons\ofxdatgui\src\components\ofxdatguitimegraph.h(91): warning C4018: '<': signed/unsigned mismatch (compiling source file src\GridImage.cpp)
c:\users\thomas\documents\openframeworks_lib\openframeworks\addons\ofxdatgui\src\components\ofxdatguitimegraph.h(105): warning C4018: '<': signed/unsigned mismatch (compiling source file src\GridImage.cpp)
c:\users\thomas\documents\openframeworks_lib\openframeworks\addons\ofxdatgui\src\components\ofxdatguitimegraph.h(116): warning C4018: '<': signed/unsigned mismatch (compiling source file src\GridImage.cpp)
c:\users\thomas\documents\openframeworks_lib\openframeworks\addons\ofxdatgui\src\components\ofxdatguitimegraph.h(127): warning C4018: '<': signed/unsigned mismatch (compiling source file src\GridImage.cpp)
c:\users\thomas\documents\openframeworks_lib\openframeworks\addons\ofxdatgui\src\components\ofxdatguitimegraph.h(286): warning C4018: '<': signed/unsigned mismatch (compiling source file src\GridImage.cpp)
c:\users\thomas\documents\openframeworks_lib\openframeworks\addons\ofxdatgui\src\components\ofxdatguitimegraph.h(288): warning C4018: '<': signed/unsigned mismatch (compiling source file src\GridImage.cpp)
c:\users\thomas\documents\openframeworks_lib\openframeworks\addons\ofxdatgui\src\components\ofxdatguiscrollview.h(101): warning C4018: '<': signed/unsigned mismatch (compiling source file src\GridImage.cpp)
c:\users\thomas\documents\openframeworks_lib\openframeworks\addons\ofxdatgui\src\components\ofxdatguiscrollview.h(125): warning C4018: '<': signed/unsigned mismatch (compiling source file src\GridImage.cpp)
c:\users\thomas\documents\openframeworks_lib\openframeworks\addons\ofxdatgui\src\components\ofxdatguiscrollview.h(276): warning C4018: '<': signed/unsigned mismatch (compiling source file src\GridImage.cpp)
c:\users\thomas\documents\openframeworks_lib\openframeworks\addons\ofxdatgui\src\components\ofxdatguiscrollview.h(285): warning C4018: '<': signed/unsigned mismatch (compiling source file src\GridImage.cpp)
c:\users\thomas\documents\openframeworks_lib\openframeworks\addons\ofxdatgui\src\components\ofxdatguiscrollview.h(304): warning C4018: '<': signed/unsigned mismatch (compiling source file src\GridImage.cpp)
c:\users\thomas\documents\openframeworks_lib\openframeworks\addons\ofxdatgui\src\components\ofxdatguigroups.h(94): warning C4018: '<': signed/unsigned mismatch (compiling source file src\GridImage.cpp)
c:\users\thomas\documents\openframeworks_lib\openframeworks\addons\ofxdatgui\src\components\ofxdatguigroups.h(104): warning C4018: '<': signed/unsigned mismatch (compiling source file src\GridImage.cpp)
c:\users\thomas\documents\openframeworks_lib\openframeworks\addons\ofxdatgui\src\components\ofxdatguigroups.h(118): warning C4018: '<': signed/unsigned mismatch (compiling source file src\GridImage.cpp)
c:\users\thomas\documents\openframeworks_lib\openframeworks\addons\ofxdatgui\src\components\ofxdatguigroups.h(190): warning C4018: '<': signed/unsigned mismatch (compiling source file src\GridImage.cpp)
c:\users\thomas\documents\openframeworks_lib\openframeworks\addons\ofxdatgui\src\components\ofxdatguigroups.h(397): warning C4018: '<': signed/unsigned mismatch (compiling source file src\GridImage.cpp)
c:\users\thomas\documents\openframeworks_lib\openframeworks\addons\ofxdatgui\src\components\ofxdatguigroups.h(447): warning C4018: '<': signed/unsigned mismatch (compiling source file src\GridImage.cpp)
c:\users\thomas\documents\openframeworks_lib\openframeworks\addons\ofxdatgui\src\components\ofxdatguigroups.h(476): warning C4018: '>=': signed/unsigned mismatch (compiling source file src\GridImage.cpp)
c:\users\thomas\documents\openframeworks_lib\openframeworks\addons\ofxdatgui\src\components\ofxdatguigroups.h(504): warning C4018: '<': signed/unsigned mismatch (compiling source file src\GridImage.cpp)
c:\users\thomas\documents\openframeworks_lib\openframeworks\apps\lllmarker\apps\livinglinedetector\src\gridimage.cpp(33): warning C4996: 'ofVideoGrabber::initGrabber': Use setup instead
  c:\users\thomas\documents\openframeworks_lib\openframeworks\libs\openframeworks\video\ofvideograbber.h(62): note: see declaration of 'ofVideoGrabber::initGrabber'
c:\users\thomas\documents\openframeworks_lib\openframeworks\apps\lllmarker\apps\livinglinedetector\src\gridimage.cpp(56): warning C4996: 'ofVideoGrabber::initGrabber': Use setup instead
  c:\users\thomas\documents\openframeworks_lib\openframeworks\libs\openframeworks\video\ofvideograbber.h(62): note: see declaration of 'ofVideoGrabber::initGrabber'
  Distance.cpp
  Flow.cpp
  Helpers.cpp
c:\users\thomas\documents\openframeworks_lib\openframeworks\addons\ofxcv\libs\ofxcv\src\distance.cpp(32): warning C4700: uninitialized local variable 'bestScore' used
  Kalman.cpp
c:\users\thomas\documents\openframeworks_lib\openframeworks\addons\ofxcv\libs\ofxcv\include\ofxcv\tracker.h(324): warning C4018: '<': signed/unsigned mismatch (compiling source file ..\..\..\..\addons\ofxCv\libs\ofxCv\src\Calibration.cpp)
  ObjectFinder.cpp
c:\users\thomas\documents\openframeworks_lib\openframeworks\addons\ofxcv\libs\ofxcv\include\ofxcv\tracker.h(324): warning C4018: '<': signed/unsigned mismatch (compiling source file ..\..\..\..\addons\ofxCv\libs\ofxCv\src\ContourFinder.cpp)
  RunningBackground.cpp
  Tracker.cpp
  Utilities.cpp
c:\users\thomas\documents\openframeworks_lib\openframeworks\addons\ofxcv\libs\ofxcv\include\ofxcv\tracker.h(324): warning C4018: '<': signed/unsigned mismatch (compiling source file ..\..\..\..\addons\ofxCv\libs\ofxCv\src\Flow.cpp)
c:\users\thomas\documents\openframeworks_lib\openframeworks\addons\ofxcv\libs\ofxcv\src\helpers.cpp(78): warning C4018: '<': signed/unsigned mismatch
c:\users\thomas\documents\openframeworks_lib\openframeworks\addons\ofxcv\libs\ofxcv\src\helpers.cpp(101): warning C4018: '>': signed/unsigned mismatch
c:\users\thomas\documents\openframeworks_lib\openframeworks\addons\ofxcv\libs\ofxcv\src\helpers.cpp(107): warning C4018: '>': signed/unsigned mismatch
c:\users\thomas\documents\openframeworks_lib\openframeworks\addons\ofxcv\libs\ofxcv\src\helpers.cpp(115): warning C4018: '<': signed/unsigned mismatch
c:\users\thomas\documents\openframeworks_lib\openframeworks\addons\ofxcv\libs\ofxcv\include\ofxcv\tracker.h(324): warning C4018: '<': signed/unsigned mismatch (compiling source file ..\..\..\..\addons\ofxCv\libs\ofxCv\src\Kalman.cpp)
c:\users\thomas\documents\openframeworks_lib\openframeworks\addons\ofxcv\libs\ofxcv\include\ofxcv\tracker.h(324): warning C4018: '<': signed/unsigned mismatch (compiling source file ..\..\..\..\addons\ofxCv\libs\ofxCv\src\Tracker.cpp)
  Wrappers.cpp
  ofxDatGuiComponent.cpp
  ofxSmartFont.cpp
c:\users\thomas\documents\openframeworks_lib\openframeworks\addons\ofxcv\libs\ofxcv\include\ofxcv\tracker.h(324): warning C4018: '<': signed/unsigned mismatch (compiling source file ..\..\..\..\addons\ofxCv\libs\ofxCv\src\ObjectFinder.cpp)
c:\users\thomas\documents\openframeworks_lib\openframeworks\addons\ofxcv\libs\ofxcv\src\objectfinder.cpp(57): warning C4018: '<': signed/unsigned mismatch
c:\users\thomas\documents\openframeworks_lib\openframeworks\addons\ofxcv\libs\ofxcv\src\objectfinder.cpp(85): warning C4018: '<': signed/unsigned mismatch
  ofxDatGui.cpp
c:\users\thomas\documents\openframeworks_lib\openframeworks\addons\ofxcv\libs\ofxcv\include\ofxcv\wrappers.h(258): warning C4018: '<': signed/unsigned mismatch (compiling source file ..\..\..\..\addons\ofxCv\libs\ofxCv\src\ObjectFinder.cpp)
  c:\users\thomas\documents\openframeworks_lib\openframeworks\addons\ofxcv\libs\ofxcv\src\objectfinder.cpp(37): note: see reference to function template instantiation 'void ofxCv::equalizeHist<cv::Mat,cv::Mat>(const S &,D &)' being compiled
          with
          [
              S=cv::Mat,
              D=cv::Mat
          ]
  ofxNetworkUtils.cpp
  ofxTCPClient.cpp
c:\users\thomas\documents\openframeworks_lib\openframeworks\addons\ofxcv\libs\ofxcv\src\utilities.cpp(39): warning C4018: '<': signed/unsigned mismatch
c:\users\thomas\documents\openframeworks_lib\openframeworks\addons\ofxcv\libs\ofxcv\src\utilities.cpp(48): warning C4018: '<': signed/unsigned mismatch
c:\users\thomas\documents\openframeworks_lib\openframeworks\addons\ofxcv\libs\ofxcv\src\utilities.cpp(57): warning C4018: '<': signed/unsigned mismatch
  ofxTCPManager.cpp
  ofxTCPServer.cpp
c:\users\thomas\documents\openframeworks_lib\openframeworks\addons\ofxdatgui\src\libs\ofxsmartfont\ofxsmartfont.cpp(129): warning C4018: '<': signed/unsigned mismatch
c:\users\thomas\documents\openframeworks_lib\openframeworks\addons\ofxdatgui\src\libs\ofxsmartfont\ofxsmartfont.cpp(131): warning C4018: '<': signed/unsigned mismatch
c:\users\thomas\documents\openframeworks_lib\openframeworks\addons\ofxdatgui\src\core\ofxdatguicomponent.cpp(116): warning C4018: '<': signed/unsigned mismatch
c:\users\thomas\documents\openframeworks_lib\openframeworks\addons\ofxdatgui\src\core\ofxdatguicomponent.cpp(131): warning C4018: '<': signed/unsigned mismatch
c:\users\thomas\documents\openframeworks_lib\openframeworks\addons\ofxdatgui\src\core\ofxdatguicomponent.cpp(159): warning C4018: '<': signed/unsigned mismatch
c:\users\thomas\documents\openframeworks_lib\openframeworks\addons\ofxdatgui\src\core\ofxdatguicomponent.cpp(179): warning C4018: '<': signed/unsigned mismatch
c:\users\thomas\documents\openframeworks_lib\openframeworks\addons\ofxdatgui\src\core\ofxdatguicomponent.cpp(273): warning C4018: '<': signed/unsigned mismatch
c:\users\thomas\documents\openframeworks_lib\openframeworks\addons\ofxdatgui\src\core\ofxdatguicomponent.cpp(383): warning C4018: '<': signed/unsigned mismatch
  ofxUDPManager.cpp
  ofxCvColorImage.cpp
  ofxCvContourFinder.cpp
  ofxCvFloatImage.cpp
c:\users\thomas\documents\openframeworks_lib\openframeworks\addons\ofxdatgui\src\components\ofxdatguislider.h(348): warning C4018: '<': signed/unsigned mismatch (compiling source file ..\..\..\..\addons\ofxDatGui\src\ofxDatGui.cpp)
c:\users\thomas\documents\openframeworks_lib\openframeworks\addons\ofxdatgui\src\components\ofxdatguimatrix.h(179): warning C4018: '<': signed/unsigned mismatch (compiling source file ..\..\..\..\addons\ofxDatGui\src\ofxDatGui.cpp)
c:\users\thomas\documents\openframeworks_lib\openframeworks\addons\ofxdatgui\src\components\ofxdatguimatrix.h(203): warning C4018: '<': signed/unsigned mismatch (compiling source file ..\..\..\..\addons\ofxDatGui\src\ofxDatGui.cpp)
c:\users\thomas\documents\openframeworks_lib\openframeworks\addons\ofxdatgui\src\components\ofxdatguimatrix.h(206): warning C4018: '<': signed/unsigned mismatch (compiling source file ..\..\..\..\addons\ofxDatGui\src\ofxDatGui.cpp)
c:\users\thomas\documents\openframeworks_lib\openframeworks\addons\ofxdatgui\src\components\ofxdatguimatrix.h(218): warning C4018: '<': signed/unsigned mismatch (compiling source file ..\..\..\..\addons\ofxDatGui\src\ofxDatGui.cpp)
c:\users\thomas\documents\openframeworks_lib\openframeworks\addons\ofxdatgui\src\components\ofxdatguimatrix.h(224): warning C4018: '<': signed/unsigned mismatch (compiling source file ..\..\..\..\addons\ofxDatGui\src\ofxDatGui.cpp)
c:\users\thomas\documents\openframeworks_lib\openframeworks\addons\ofxdatgui\src\components\ofxdatguimatrix.h(230): warning C4018: '<': signed/unsigned mismatch (compiling source file ..\..\..\..\addons\ofxDatGui\src\ofxDatGui.cpp)
c:\users\thomas\documents\openframeworks_lib\openframeworks\addons\ofxdatgui\src\components\ofxdatguimatrix.h(236): warning C4018: '<': signed/unsigned mismatch (compiling source file ..\..\..\..\addons\ofxDatGui\src\ofxDatGui.cpp)
c:\users\thomas\documents\openframeworks_lib\openframeworks\addons\ofxdatgui\src\components\ofxdatguimatrix.h(253): warning C4018: '<': signed/unsigned mismatch (compiling source file ..\..\..\..\addons\ofxDatGui\src\ofxDatGui.cpp)
c:\users\thomas\documents\openframeworks_lib\openframeworks\addons\ofxdatgui\src\components\ofxdatguimatrix.h(260): warning C4018: '<': signed/unsigned mismatch (compiling source file ..\..\..\..\addons\ofxDatGui\src\ofxDatGui.cpp)
c:\users\thomas\documents\openframeworks_lib\openframeworks\addons\ofxdatgui\src\components\ofxdatguitimegraph.h(91): warning C4018: '<': signed/unsigned mismatch (compiling source file ..\..\..\..\addons\ofxDatGui\src\ofxDatGui.cpp)
c:\users\thomas\documents\openframeworks_lib\openframeworks\addons\ofxdatgui\src\components\ofxdatguitimegraph.h(105): warning C4018: '<': signed/unsigned mismatch (compiling source file ..\..\..\..\addons\ofxDatGui\src\ofxDatGui.cpp)
c:\users\thomas\documents\openframeworks_lib\openframeworks\addons\ofxdatgui\src\components\ofxdatguitimegraph.h(116): warning C4018: '<': signed/unsigned mismatch (compiling source file ..\..\..\..\addons\ofxDatGui\src\ofxDatGui.cpp)
c:\users\thomas\documents\openframeworks_lib\openframeworks\addons\ofxdatgui\src\components\ofxdatguitimegraph.h(127): warning C4018: '<': signed/unsigned mismatch (compiling source file ..\..\..\..\addons\ofxDatGui\src\ofxDatGui.cpp)
c:\users\thomas\documents\openframeworks_lib\openframeworks\addons\ofxdatgui\src\components\ofxdatguitimegraph.h(286): warning C4018: '<': signed/unsigned mismatch (compiling source file ..\..\..\..\addons\ofxDatGui\src\ofxDatGui.cpp)
c:\users\thomas\documents\openframeworks_lib\openframeworks\addons\ofxdatgui\src\components\ofxdatguitimegraph.h(288): warning C4018: '<': signed/unsigned mismatch (compiling source file ..\..\..\..\addons\ofxDatGui\src\ofxDatGui.cpp)
c:\users\thomas\documents\openframeworks_lib\openframeworks\addons\ofxdatgui\src\components\ofxdatguiscrollview.h(101): warning C4018: '<': signed/unsigned mismatch (compiling source file ..\..\..\..\addons\ofxDatGui\src\ofxDatGui.cpp)
c:\users\thomas\documents\openframeworks_lib\openframeworks\addons\ofxdatgui\src\components\ofxdatguiscrollview.h(125): warning C4018: '<': signed/unsigned mismatch (compiling source file ..\..\..\..\addons\ofxDatGui\src\ofxDatGui.cpp)
c:\users\thomas\documents\openframeworks_lib\openframeworks\addons\ofxdatgui\src\components\ofxdatguiscrollview.h(276): warning C4018: '<': signed/unsigned mismatch (compiling source file ..\..\..\..\addons\ofxDatGui\src\ofxDatGui.cpp)
c:\users\thomas\documents\openframeworks_lib\openframeworks\addons\ofxdatgui\src\components\ofxdatguiscrollview.h(285): warning C4018: '<': signed/unsigned mismatch (compiling source file ..\..\..\..\addons\ofxDatGui\src\ofxDatGui.cpp)
c:\users\thomas\documents\openframeworks_lib\openframeworks\addons\ofxdatgui\src\components\ofxdatguiscrollview.h(304): warning C4018: '<': signed/unsigned mismatch (compiling source file ..\..\..\..\addons\ofxDatGui\src\ofxDatGui.cpp)
c:\users\thomas\documents\openframeworks_lib\openframeworks\addons\ofxdatgui\src\components\ofxdatguigroups.h(94): warning C4018: '<': signed/unsigned mismatch (compiling source file ..\..\..\..\addons\ofxDatGui\src\ofxDatGui.cpp)
c:\users\thomas\documents\openframeworks_lib\openframeworks\addons\ofxdatgui\src\components\ofxdatguigroups.h(104): warning C4018: '<': signed/unsigned mismatch (compiling source file ..\..\..\..\addons\ofxDatGui\src\ofxDatGui.cpp)
c:\users\thomas\documents\openframeworks_lib\openframeworks\addons\ofxdatgui\src\components\ofxdatguigroups.h(118): warning C4018: '<': signed/unsigned mismatch (compiling source file ..\..\..\..\addons\ofxDatGui\src\ofxDatGui.cpp)
c:\users\thomas\documents\openframeworks_lib\openframeworks\addons\ofxdatgui\src\components\ofxdatguigroups.h(190): warning C4018: '<': signed/unsigned mismatch (compiling source file ..\..\..\..\addons\ofxDatGui\src\ofxDatGui.cpp)
c:\users\thomas\documents\openframeworks_lib\openframeworks\addons\ofxdatgui\src\components\ofxdatguigroups.h(397): warning C4018: '<': signed/unsigned mismatch (compiling source file ..\..\..\..\addons\ofxDatGui\src\ofxDatGui.cpp)
c:\users\thomas\documents\openframeworks_lib\openframeworks\addons\ofxdatgui\src\components\ofxdatguigroups.h(447): warning C4018: '<': signed/unsigned mismatch (compiling source file ..\..\..\..\addons\ofxDatGui\src\ofxDatGui.cpp)
c:\users\thomas\documents\openframeworks_lib\openframeworks\addons\ofxdatgui\src\components\ofxdatguigroups.h(476): warning C4018: '>=': signed/unsigned mismatch (compiling source file ..\..\..\..\addons\ofxDatGui\src\ofxDatGui.cpp)
c:\users\thomas\documents\openframeworks_lib\openframeworks\addons\ofxdatgui\src\components\ofxdatguigroups.h(504): warning C4018: '<': signed/unsigned mismatch (compiling source file ..\..\..\..\addons\ofxDatGui\src\ofxDatGui.cpp)
c:\users\thomas\documents\openframeworks_lib\openframeworks\addons\ofxdatgui\src\ofxdatgui.cpp(92): warning C4018: '<': signed/unsigned mismatch
c:\users\thomas\documents\openframeworks_lib\openframeworks\addons\ofxdatgui\src\ofxdatgui.cpp(98): warning C4018: '<': signed/unsigned mismatch
c:\users\thomas\documents\openframeworks_lib\openframeworks\addons\ofxdatgui\src\ofxdatgui.cpp(654): warning C4018: '<': signed/unsigned mismatch
c:\users\thomas\documents\openframeworks_lib\openframeworks\addons\ofxdatgui\src\ofxdatgui.cpp(659): warning C4018: '<': signed/unsigned mismatch
c:\users\thomas\documents\openframeworks_lib\openframeworks\addons\ofxdatgui\src\ofxdatgui.cpp(809): warning C4018: '<': signed/unsigned mismatch
c:\users\thomas\documents\openframeworks_lib\openframeworks\addons\ofxdatgui\src\ofxdatgui.cpp(830): warning C4018: '<': signed/unsigned mismatch
c:\users\thomas\documents\openframeworks_lib\openframeworks\addons\ofxdatgui\src\ofxdatgui.cpp(859): warning C4018: '<': signed/unsigned mismatch
c:\users\thomas\documents\openframeworks_lib\openframeworks\addons\ofxdatgui\src\ofxdatgui.cpp(869): warning C4018: '<': signed/unsigned mismatch
c:\users\thomas\documents\openframeworks_lib\openframeworks\addons\ofxdatgui\src\ofxdatgui.cpp(883): warning C4018: '<': signed/unsigned mismatch
c:\users\thomas\documents\openframeworks_lib\openframeworks\addons\ofxdatgui\src\ofxdatgui.cpp(900): warning C4018: '<': signed/unsigned mismatch
c:\users\thomas\documents\openframeworks_lib\openframeworks\addons\ofxdatgui\src\ofxdatgui.cpp(915): warning C4018: '<': signed/unsigned mismatch
c:\users\thomas\documents\openframeworks_lib\openframeworks\addons\ofxdatgui\src\ofxdatgui.cpp(917): warning C4018: '<': signed/unsigned mismatch
  ofxCvGrayscaleImage.cpp
  ofxCvHaarFinder.cpp
  ofxCvImage.cpp
  ofxCvShortImage.cpp
  ofxXmlPoco.cpp
