c:\users\thomas\documents\openframeworks_lib\openframeworks\apps\livinglinedetector\app\livinglinedetector\obj\x64\release\flow.obj
c:\users\thomas\documents\openframeworks_lib\openframeworks\apps\livinglinedetector\app\livinglinedetector\obj\x64\release\wrappers.obj
c:\users\thomas\documents\openframeworks_lib\openframeworks\apps\livinglinedetector\app\livinglinedetector\obj\x64\release\ofxudpmanager.obj
c:\users\thomas\documents\openframeworks_lib\openframeworks\apps\livinglinedetector\app\livinglinedetector\obj\x64\release\ofxcvhaarfinder.obj
c:\users\thomas\documents\openframeworks_lib\openframeworks\apps\livinglinedetector\app\livinglinedetector\obj\x64\release\fdog.obj
c:\users\thomas\documents\openframeworks_lib\openframeworks\apps\livinglinedetector\app\livinglinedetector\obj\x64\release\ofxdatguicomponent.obj
c:\users\thomas\documents\openframeworks_lib\openframeworks\apps\livinglinedetector\app\livinglinedetector\obj\x64\release\ofxcvimage.obj
c:\users\thomas\documents\openframeworks_lib\openframeworks\apps\livinglinedetector\app\livinglinedetector\obj\x64\release\calibration.obj
c:\users\thomas\documents\openframeworks_lib\openframeworks\apps\livinglinedetector\app\livinglinedetector\obj\x64\release\ofxsmartfont.obj
c:\users\thomas\documents\openframeworks_lib\openframeworks\apps\livinglinedetector\app\livinglinedetector\obj\x64\release\ofxcvcontourfinder.obj
c:\users\thomas\documents\openframeworks_lib\openframeworks\apps\livinglinedetector\app\livinglinedetector\obj\x64\release\etf.obj
c:\users\thomas\documents\openframeworks_lib\openframeworks\apps\livinglinedetector\app\livinglinedetector\obj\x64\release\kalman.obj
c:\users\thomas\documents\openframeworks_lib\openframeworks\apps\livinglinedetector\app\livinglinedetector\obj\x64\release\ofxnetworkutils.obj
c:\users\thomas\documents\openframeworks_lib\openframeworks\apps\livinglinedetector\app\livinglinedetector\obj\x64\release\ofxtcpserver.obj
c:\users\thomas\documents\openframeworks_lib\openframeworks\apps\livinglinedetector\app\livinglinedetector\obj\x64\release\ofxcvshortimage.obj
c:\users\thomas\documents\openframeworks_lib\openframeworks\apps\livinglinedetector\app\livinglinedetector\obj\x64\release\contourfinder.obj
c:\users\thomas\documents\openframeworks_lib\openframeworks\apps\livinglinedetector\app\livinglinedetector\obj\x64\release\utilities.obj
c:\users\thomas\documents\openframeworks_lib\openframeworks\apps\livinglinedetector\app\livinglinedetector\obj\x64\release\ofxcvcolorimage.obj
c:\users\thomas\documents\openframeworks_lib\openframeworks\apps\livinglinedetector\app\livinglinedetector\obj\x64\release\rectdetector.obj
c:\users\thomas\documents\openframeworks_lib\openframeworks\apps\livinglinedetector\app\livinglinedetector\obj\x64\release\objectfinder.obj
c:\users\thomas\documents\openframeworks_lib\openframeworks\apps\livinglinedetector\app\livinglinedetector\obj\x64\release\ofxtcpclient.obj
c:\users\thomas\documents\openframeworks_lib\openframeworks\apps\livinglinedetector\app\livinglinedetector\obj\x64\release\ofxcvfloatimage.obj
c:\users\thomas\documents\openframeworks_lib\openframeworks\apps\livinglinedetector\app\livinglinedetector\obj\x64\release\distance.obj
c:\users\thomas\documents\openframeworks_lib\openframeworks\apps\livinglinedetector\app\livinglinedetector\obj\x64\release\helpers.obj
c:\users\thomas\documents\openframeworks_lib\openframeworks\apps\livinglinedetector\app\livinglinedetector\obj\x64\release\tracker.obj
c:\users\thomas\documents\openframeworks_lib\openframeworks\apps\livinglinedetector\app\livinglinedetector\obj\x64\release\ofxtcpmanager.obj
c:\users\thomas\documents\openframeworks_lib\openframeworks\apps\livinglinedetector\app\livinglinedetector\obj\x64\release\ofxcvgrayscaleimage.obj
c:\users\thomas\documents\openframeworks_lib\openframeworks\apps\livinglinedetector\app\livinglinedetector\obj\x64\release\markeraruco.obj
c:\users\thomas\documents\openframeworks_lib\openframeworks\apps\livinglinedetector\app\livinglinedetector\obj\x64\release\runningbackground.obj
c:\users\thomas\documents\openframeworks_lib\openframeworks\apps\livinglinedetector\app\livinglinedetector\obj\x64\release\ofxdatgui.obj
c:\users\thomas\documents\openframeworks_lib\openframeworks\apps\livinglinedetector\app\livinglinedetector\obj\x64\release\ofxxmlpoco.obj
c:\users\thomas\documents\openframeworks_lib\openframeworks\apps\livinglinedetector\app\livinglinedetector\obj\x64\release\ofapp.obj
c:\users\thomas\documents\openframeworks_lib\openframeworks\apps\livinglinedetector\app\livinglinedetector\obj\x64\release\main.obj
c:\users\thomas\documents\openframeworks_lib\openframeworks\apps\livinglinedetector\app\livinglinedetector\obj\x64\release\gridimage.obj
c:\users\thomas\documents\openframeworks_lib\openframeworks\apps\livinglinedetector\app\livinglinedetector\obj\x64\release\qrdetector.obj
c:\users\thomas\documents\openframeworks_lib\openframeworks\apps\livinglinedetector\app\livinglinedetector\obj\x64\release\griddetector.obj
c:\users\thomas\documents\openframeworks_lib\openframeworks\apps\livinglinedetector\app\livinglinedetector\obj\x64\release\vc141.pdb
c:\users\thomas\documents\openframeworks_lib\openframeworks\apps\livinglinedetector\app\livinglinedetector\bin\livinglinedetector.exe
c:\users\thomas\documents\openframeworks_lib\openframeworks\apps\livinglinedetector\app\livinglinedetector\bin\livinglinedetector.lib
c:\users\thomas\documents\openframeworks_lib\openframeworks\apps\livinglinedetector\app\livinglinedetector\bin\livinglinedetector.exp
c:\users\thomas\documents\openframeworks_lib\openframeworks\apps\livinglinedetector\app\livinglinedetector\bin\livinglinedetector.ipdb
c:\users\thomas\documents\openframeworks_lib\openframeworks\apps\livinglinedetector\app\livinglinedetector\bin\livinglinedetector.iobj
c:\users\thomas\documents\openframeworks_lib\openframeworks\apps\livinglinedetector\app\livinglinedetector\obj\x64\release\icon.res
c:\users\thomas\documents\openframeworks_lib\openframeworks\apps\livinglinedetector\app\livinglinedetector\obj\x64\release\livingli.7fd42df7.tlog\cl.command.1.tlog
c:\users\thomas\documents\openframeworks_lib\openframeworks\apps\livinglinedetector\app\livinglinedetector\obj\x64\release\livingli.7fd42df7.tlog\cl.read.1.tlog
c:\users\thomas\documents\openframeworks_lib\openframeworks\apps\livinglinedetector\app\livinglinedetector\obj\x64\release\livingli.7fd42df7.tlog\cl.write.1.tlog
c:\users\thomas\documents\openframeworks_lib\openframeworks\apps\livinglinedetector\app\livinglinedetector\obj\x64\release\livingli.7fd42df7.tlog\link.command.1.tlog
c:\users\thomas\documents\openframeworks_lib\openframeworks\apps\livinglinedetector\app\livinglinedetector\obj\x64\release\livingli.7fd42df7.tlog\link.read.1.tlog
c:\users\thomas\documents\openframeworks_lib\openframeworks\apps\livinglinedetector\app\livinglinedetector\obj\x64\release\livingli.7fd42df7.tlog\link.write.1.tlog
c:\users\thomas\documents\openframeworks_lib\openframeworks\apps\livinglinedetector\app\livinglinedetector\obj\x64\release\livingli.7fd42df7.tlog\livinglinedetector.write.1u.tlog
c:\users\thomas\documents\openframeworks_lib\openframeworks\apps\livinglinedetector\app\livinglinedetector\obj\x64\release\livingli.7fd42df7.tlog\rc.command.1.tlog
c:\users\thomas\documents\openframeworks_lib\openframeworks\apps\livinglinedetector\app\livinglinedetector\obj\x64\release\livingli.7fd42df7.tlog\rc.read.1.tlog
c:\users\thomas\documents\openframeworks_lib\openframeworks\apps\livinglinedetector\app\livinglinedetector\obj\x64\release\livingli.7fd42df7.tlog\rc.write.1.tlog
